2025-12-08 10:43:05 — ETL — INFO — Transformation started
2025-12-08 10:43:05 — ETL — INFO — Reading the CSV
2025-12-08 10:43:05 — ETL — INFO — Printing the Head
2025-12-08 10:43:05 — ETL — INFO — Printing Information
2025-12-08 10:43:05 — ETL — INFO — Checking if there are any NULL values
2025-12-08 10:43:05 — ETL — INFO — Dropping columns
2025-12-08 10:43:05 — ETL — INFO — Dropping rows
2025-12-08 10:43:05 — ETL — INFO — Removing duplicates
2025-12-08 10:43:05 — ETL — INFO — Converting budget
2025-12-08 10:43:05 — ETL — INFO — Converting Date to Numeric
2025-12-08 10:43:05 — ETL — INFO — Converting Worldwide Gross
2025-12-08 10:43:05 — ETL — INFO — filling in missing numeric values
2025-12-08 10:43:08 — ETL — INFO — Normalizing data
2025-12-08 10:43:08 — ETL — INFO — Normalization has started
2025-12-08 10:43:08 — ETL — INFO — Renaming columns for consistency
2025-12-08 10:43:08 — ETL — INFO — Normalization has started
2025-12-08 10:43:08 — ETL — INFO — Renaming columns for consistency
2025-12-08 10:43:08 — ETL — INFO — Normalization has started
2025-12-08 10:43:08 — ETL — INFO — Renaming columns for consistency
2025-12-08 10:43:08 — ETL — INFO — Normalization has started
2025-12-08 10:43:08 — ETL — INFO — Renaming columns for consistency
2025-12-08 10:43:08 — ETL — INFO — Normalization has started
2025-12-08 10:43:08 — ETL — INFO — Renaming columns for consistency
2025-12-08 10:43:08 — ETL — INFO — Standardizing data
2025-12-08 10:43:14 — ETL — INFO — Reading the CSV
2025-12-08 10:43:14 — ETL — INFO — Printing the Head
2025-12-08 10:43:14 — ETL — INFO — Printing Information
2025-12-08 10:43:14 — ETL — INFO — Checking if there are any NULL values
2025-12-08 10:43:14 — ETL — INFO — Transformation started
2025-12-08 10:43:14 — ETL — INFO — Reading the CSV
2025-12-08 10:43:15 — ETL — INFO — Printing the Head
2025-12-08 10:43:15 — ETL — INFO — Printing Information
2025-12-08 10:43:15 — ETL — INFO — Checking if there are any NULL values
2025-12-08 10:43:15 — ETL — INFO — Dropping columns
2025-12-08 10:43:15 — ETL — INFO — Dropping rows
2025-12-08 10:43:15 — ETL — INFO — Removing duplicates
2025-12-08 10:43:15 — ETL — INFO — Converting budget
2025-12-08 10:43:15 — ETL — INFO — Converting Date to Numeric
2025-12-08 10:43:15 — ETL — INFO — Converting Worldwide Gross
2025-12-08 10:43:15 — ETL — INFO — filling in missing numeric values
2025-12-08 10:43:18 — ETL — INFO — Normalizing data
2025-12-08 10:43:18 — ETL — INFO — Normalization has started
2025-12-08 10:43:18 — ETL — INFO — Renaming columns for consistency
2025-12-08 10:43:18 — ETL — INFO — Normalization has started
2025-12-08 10:43:18 — ETL — INFO — Renaming columns for consistency
2025-12-08 10:43:18 — ETL — INFO — Normalization has started
2025-12-08 10:43:18 — ETL — INFO — Renaming columns for consistency
2025-12-08 10:43:18 — ETL — INFO — Normalization has started
2025-12-08 10:43:18 — ETL — INFO — Renaming columns for consistency
2025-12-08 10:43:18 — ETL — INFO — Normalization has started
2025-12-08 10:43:18 — ETL — INFO — Renaming columns for consistency
2025-12-08 10:43:18 — ETL — INFO — Standardizing data
2025-12-08 10:43:18 — ETL — INFO — Dropping tables if exist
2025-12-08 10:43:18 — ETL — INFO — Creating movies_cleaned
2025-12-08 10:43:18 — ETL — INFO — Creating Look up tables
2025-12-08 10:43:18 — ETL — INFO — Creating junction tables
2025-12-08 10:43:18 — ETL — INFO — Loading Fact table
2025-12-08 10:43:18 — ETL — INFO — automapping CSV
2025-12-08 10:43:18 — ETL — INFO — Loading Look up tables
2025-12-08 10:43:18 — ETL — INFO — automapping CSV
2025-12-08 10:43:18 — ETL — INFO — automapping CSV
2025-12-08 10:43:18 — ETL — INFO — fix cast column naming
2025-12-08 10:43:18 — ETL — INFO — automapping CSV
2025-12-08 10:43:18 — ETL — INFO — automapping CSV
2025-12-08 10:43:18 — ETL — INFO — automapping CSV
2025-12-08 10:43:18 — ETL — INFO — Loading Junction tables
2025-12-08 10:43:18 — ETL — INFO — automapping CSV
2025-12-08 10:43:18 — ETL — INFO — automapping CSV
2025-12-08 10:43:18 — ETL — INFO — automapping CSV
2025-12-08 10:43:18 — ETL — INFO — automapping CSV
2025-12-08 10:43:18 — ETL — INFO — automapping CSV
